<?xml version="1.0" encoding="UTF-8"?>
<testsuite name="El usuario desea realizar una compra de productos de flores y poder eliminar" tests="1" skipped="0" failures="0" errors="0" timestamp="2023-10-05T21:38:49" hostname="LUIS-K" time="41.104">
  <properties/>
  <testcase name="Seleccionar dos prodcutos de la categoria amor para agregar al carro de compras" classname="El usuario desea realizar una compra de productos de flores y poder eliminar" time="41.104"/>
  <system-out><![CDATA[Feature from file:///D:/AutomatizacionSerenity/Reto_Tecnico/Template_Automatizacion_SQA/src/test/resources/features/tes.feature
]]></system-out>
  <system-err><![CDATA[[Test worker] INFO  - 
 _____ _____ ____ _____   ____ _____  _    ____ _____ _____ ____  
|_   _| ____/ ___|_   _| / ___|_   _|/ \  |  _ \_   _| ____|  _ \ 
  | | |  _| \___ \ | |   \___ \ | | / _ \ | |_) || | |  _| | | | |
  | | | |___ ___) || |    ___) || |/ ___ \|  _ < | | | |___| |_| |
  |_| |_____|____/ |_|   |____/ |_/_/   \_\_| \_\|_| |_____|____/ 

Seleccionar dos prodcutos de la categoria amor para agregar al carro de compras(el-usuario-desea-realizar-una-compra-de-productos-de-flores-y-poder-eliminar;seleccionar-dos-prodcutos-de-la-categoria-amor-para-agregar-al-carro-de-compras)
-------------------------------------------------------------------
oct. 05, 2023 4:38:49 P. M. org.openqa.selenium.remote.DesiredCapabilities chrome
INFO: Using `new ChromeOptions()` is preferred to `DesiredCapabilities.chrome()`
[Test worker] INFO net.serenitybdd.core.webdriver.driverproviders.ProvideNewDriver - Instantiating driver
[Test worker] INFO net.serenitybdd.core.webdriver.driverproviders.ProvideNewDriver - Driver capabilities: Capabilities {acceptInsecureCerts: false, browserName: chrome, chrome.switches: --start-maximized, --disabl..., goog:chromeOptions: {args: [--start-maximized, --disable-popup-blocking, --incognito, --enable-automation, --no-sandbox, --disable-gpu-sandbox], extensions: []}, loggingPrefs: org.openqa.selenium.logging..., platform: ANY, version: }
Starting ChromeDriver 117.0.5938.92 (67649b10b92bb182fba357831ef7dd6a1baa5648-refs/branch-heads/5938_62@{#14}) on port 4789
Only local connections are allowed.
Please see https://chromedriver.chromium.org/security-considerations for suggestions on keeping ChromeDriver safe.
ChromeDriver was started successfully.
oct. 05, 2023 4:38:53 P. M. org.openqa.selenium.remote.ProtocolHandshake createSession
INFO: Detected dialect: W3C
[Test worker] INFO  - 
        __    _____ _____ ____ _____   ____   _    ____  ____  _____ ____  
  _     \ \  |_   _| ____/ ___|_   _| |  _ \ / \  / ___|/ ___|| ____|  _ \ 
 (_)_____| |   | | |  _| \___ \ | |   | |_) / _ \ \___ \\___ \|  _| | | | |
  _|_____| |   | | | |___ ___) || |   |  __/ ___ \ ___) |___) | |___| |_| |
 (_)     | |   |_| |_____|____/ |_|   |_| /_/   \_\____/|____/|_____|____/ 
        /_/                                                                

Seleccionar dos prodcutos de la categoria amor para agregar al carro de compras
----------------------------------------------------------------------------
]]></system-err>
</testsuite>
